c:\users\trieu\source\repos\cppexercises\lesson59ex2\debug\vc142.pdb
c:\users\trieu\source\repos\cppexercises\lesson59ex2\debug\vc142.idb
c:\users\trieu\source\repos\cppexercises\lesson59ex2\debug\undergraduatedstudent.obj
c:\users\trieu\source\repos\cppexercises\lesson59ex2\debug\student.obj
c:\users\trieu\source\repos\cppexercises\lesson59ex2\debug\person.obj
c:\users\trieu\source\repos\cppexercises\lesson59ex2\debug\lecturer.obj
c:\users\trieu\source\repos\cppexercises\lesson59ex2\debug\graduatedstudent.obj
c:\users\trieu\source\repos\cppexercises\lesson59ex2\debug\fullname.obj
c:\users\trieu\source\repos\cppexercises\lesson59ex2\debug\date.obj
c:\users\trieu\source\repos\cppexercises\lesson59ex2\debug\address.obj
c:\users\trieu\source\repos\cppexercises\lesson59ex2\debug\lesson59ex2.obj
c:\users\trieu\source\repos\cppexercises\lesson59ex2\debug\lesson59ex2.ilk
c:\users\trieu\source\repos\cppexercises\debug\lesson59ex2.exe
c:\users\trieu\source\repos\cppexercises\debug\lesson59ex2.pdb
c:\users\trieu\source\repos\cppexercises\lesson59ex2\debug\lesson59ex2.tlog\cl.command.1.tlog
c:\users\trieu\source\repos\cppexercises\lesson59ex2\debug\lesson59ex2.tlog\cl.read.1.tlog
c:\users\trieu\source\repos\cppexercises\lesson59ex2\debug\lesson59ex2.tlog\cl.write.1.tlog
c:\users\trieu\source\repos\cppexercises\lesson59ex2\debug\lesson59ex2.tlog\link.command.1.tlog
c:\users\trieu\source\repos\cppexercises\lesson59ex2\debug\lesson59ex2.tlog\link.read.1.tlog
c:\users\trieu\source\repos\cppexercises\lesson59ex2\debug\lesson59ex2.tlog\link.write.1.tlog
